2018-10-09 14:17:30,107 - os.name - Windows 8
2018-10-09 14:17:30,108 - os.arch - amd64
2018-10-09 14:17:30,108 - os.version - 6.2
2018-10-09 14:17:30,108 - java.version - 1.7.0_79
2018-10-09 14:17:30,108 - java.vendor - Oracle Corporation
2018-10-09 14:17:30,108 - java.vendor.url - http://java.oracle.com/
2018-10-09 14:17:30,108 - java.home - C:\Program Files\Java\jdk1.7.0_79\jre
2018-10-09 14:17:30,108 - java.vm.specification.name - Java Virtual Machine Specification
2018-10-09 14:17:30,108 - java.vm.specification.vendor - Oracle Corporation
2018-10-09 14:17:30,108 - java.vm.specification.version - 1.7
2018-10-09 14:17:30,126 - java.class.path - C:\Users\jmaxy\Desktop\eclipse\\plugins/org.eclipse.equinox.launcher_1.3.0.v20130327-1440.jar
2018-10-09 14:17:30,126 - java.library.path - C:\Users\jmaxy\Desktop\eclipse;C:\WINDOWS\Sun\Java\bin;C:\WINDOWS\system32;C:\WINDOWS;C:/Program Files/Java/jdk1.7.0_79/jre/bin/server;C:/Program Files/Java/jdk1.7.0_79/jre/bin;C:/Program Files/Java/jdk1.7.0_79/jre/lib/amd64;C:\Program Files\Microsoft MPI\Bin\;C:\Program Files\Docker\Docker\Resources\bin;C:\ProgramData\Oracle\Java\javapath;C:\Program Files (x86)\EasyPHP-DevServer-14.1VC11\binaries\php\php_runningversion;c:\Program Files (x86)\Intel\iCLS Client\;c:\Program Files\Intel\iCLS Client\;C:\WINDOWS\system32;C:\WINDOWS;C:\WINDOWS\System32\Wbem;C:\WINDOWS\System32\WindowsPowerShell\v1.0\;c:\Program Files (x86)\ATI Technologies\ATI.ACE\Core-Static;C:\Program Files (x86)\Intel\OpenCL SDK\3.0\bin\x86;C:\Program Files (x86)\Intel\OpenCL SDK\3.0\bin\x64;C:\Program Files\Intel\Intel(R) Management Engine Components\DAL;C:\Program Files\Intel\Intel(R) Management Engine Components\IPT;C:\Program Files (x86)\Intel\Intel(R) Management Engine Components\DAL;C:\Program Files (x86)\Intel\Intel(R) Management Engine Components\IPT;C:\Program Files (x86)\MySQL\MySQL Utilities 1.4.3\;C:\Program Files (x86)\MySQL\MySQL Utilities 1.4.3\Doctrine extensions for PHP\;C:\Program Files\Java\jdk1.8.0_74;c:\Program Files (x86)\Microsoft SQL Server\100\Tools\Binn\;c:\Program Files\Microsoft SQL Server\100\Tools\Binn\;c:\Program Files\Microsoft SQL Server\100\DTS\Binn\;C:\Program Files\Microsoft SQL Server\120\Tools\Binn\;C:\Program Files\Microsoft SQL Server\Client SDK\ODBC\110\Tools\Binn\;C:\Program Files (x86)\Microsoft SQL Server\120\Tools\Binn\;C:\Program Files\Microsoft SQL Server\120\DTS\Binn\;C:\Program Files (x86)\Microsoft SQL Server\120\Tools\Binn\ManagementStudio\;C:\Program Files (x86)\Microsoft SQL Server\120\DTS\Binn\;C:\Program Files\Apache\maven\bin;C:\Program Files (x86)\omrssdk-1.0.6\bin;C:\Program Files\Microsoft SQL Server\130\Tools\Binn\;C:\Program Files\dotnet\;C:\HashiCorp\Vagrant\bin;C:\Program Files (x86)\GtkSharp\2.12\bin;C:\Program Files\nodejs\;C:\apache-ant-1.10.1;C:\Users\jmaxy\AppData\Local\Android\sdk\platform-tools;C:\Program Files\Git\cmd;C:\Users\jmaxy\flutter\bin;;C:\WINDOWS\System32\OpenSSH\;C:\Program Files (x86)\Cracklock\Bin;C:\Users\jmaxy\AppData\Local\Microsoft\WindowsApps;C:\Users\jmaxy\AppData\Roaming\npm;C:\Users\jmaxy\flutter\bin;;C:\Users\jmaxy\Desktop\eclipse;;.
2018-10-09 14:17:30,126 - --------------------------------------
2018-10-09 14:17:30,126 - ## Eclipse Plug-ins Log Information ##
2018-10-09 14:17:30,126 - --------------------------------------
2018-10-09 14:17:30,133 - org.eclipse.m2e.logback.configuration - 1.4.0.20130601-0317
2018-10-09 14:17:30,134 - org.eclipse.m2e.logback.appender - 1.4.0.20130601-0317
2018-10-09 14:17:30,137 - org.eclipse.jpt.dbws.eclipselink.ui - 1.1.0.v201304170155
2018-10-09 14:17:30,138 - org.eclipse.jpt.dbws.eclipselink.core.gen - 1.1.0.v201302131909
2018-10-09 14:17:30,140 - javax.wsdl - 1.6.2.v201012040545
2018-10-09 14:17:30,141 - org.eclipse.persistence.dbws - 2.5.0.v20130507-3faac2b
2018-10-09 14:17:30,142 - org.eclipse.persistence.dbws.builder - 2.5.0.v20130507-3faac2b
2018-10-09 14:17:30,142 - org.eclipse.jpt.dbws.eclipselink.branding - 1.2.0.v201209060440
2018-10-09 14:17:30,147 - org.eclipse.mylyn.wikitext.core - 1.8.0.v20130612-0100
2018-10-09 14:17:30,149 - org.eclipse.mylyn.wikitext.textile.core - 1.8.0.v20130612-0100
2018-10-09 14:17:30,150 - org.eclipse.mylyn.wikitext.mediawiki.core - 1.8.0.v20130612-0100
2018-10-09 14:17:30,151 - org.eclipse.mylyn.wikitext.confluence.core - 1.8.0.v20130612-0100
2018-10-09 14:17:30,152 - org.eclipse.mylyn.wikitext.tracwiki.core - 1.8.0.v20130612-0100
2018-10-09 14:17:30,154 - org.eclipse.mylyn.wikitext.twiki.core - 1.8.0.v20130612-0100
2018-10-09 14:17:30,155 - org.eclipse.mylyn.wikitext.ui - 1.8.0.v20130612-0100
2018-10-09 14:17:30,157 - org.eclipse.mylyn.wikitext.help.ui - 1.8.0.v20130612-0100
2018-10-09 14:17:30,158 - org.eclipse.mylyn.wikitext.textile.ui - 1.8.0.v20130612-0100
2018-10-09 14:17:30,159 - org.eclipse.mylyn.wikitext.mediawiki.ui - 1.8.0.v20130612-0100
2018-10-09 14:17:30,160 - org.eclipse.mylyn.wikitext.confluence.ui - 1.8.0.v20130612-0100
2018-10-09 14:17:30,161 - org.eclipse.mylyn.wikitext.tracwiki.ui - 1.8.0.v20130612-0100
2018-10-09 14:17:30,162 - org.eclipse.mylyn.wikitext.twiki.ui - 1.8.0.v20130612-0100
2018-10-09 14:17:30,216 - org.eclipse.mylyn.wikitext.tasks.ui - 1.8.0.v20130612-0100
2018-10-09 14:17:30,217 - org.eclipse.mylyn.wikitext.context.ui - 1.8.0.v20130612-0100
2018-10-09 14:17:30,222 - org.eclipse.datatools.connectivity.oda.design.ui - 3.2.9.v201305031540
2018-10-09 14:17:30,223 - org.eclipse.datatools.connectivity.oda.flatfile.ui - 3.1.9.v201309221054
2018-10-09 14:17:30,225 - org.eclipse.datatools.connectivity.ui.dse - 1.1.5.v201212070447
2018-10-09 14:17:30,226 - org.eclipse.datatools.connectivity.ui - 1.2.4.v201212070447
2018-10-09 14:17:30,229 - org.eclipse.datatools.connectivity.sqm.core - 1.2.8.v201401230755
2018-10-09 14:17:30,230 - org.eclipse.datatools.help - 1.5.0.v200906020553
2018-10-09 14:17:30,236 - org.eclipse.wst.common.project.facet.core - 1.4.300.v201111030424
2018-10-09 14:17:30,238 - org.eclipse.wst.common.project.facet.ui - 1.4.300.v201111030424
2018-10-09 14:17:30,244 - org.eclipse.datatools.enablement.finfo - 1.5.1.v200906161800
2018-10-09 14:17:30,245 - org.eclipse.datatools.sqltools.db.derby.ui - 1.0.0.v200906020900
2018-10-09 14:17:30,246 - org.eclipse.datatools.sqltools.db.generic.ui - 1.0.0.v200906020900
2018-10-09 14:17:30,250 - org.eclipse.jst.common.project.facet.core - 1.4.201.v201108161900
2018-10-09 14:17:30,252 - org.eclipse.jst.common.project.facet.ui - 1.4.200.v201008182133
2018-10-09 14:17:30,255 - org.eclipse.datatools.doc.user - 1.7.0.20090521092446
2018-10-09 14:17:30,256 - org.eclipse.datatools.oda.cshelp - 1.1.2.v201309200751
2018-10-09 14:17:30,256 - org.eclipse.datatools.help - 1.5.0.v200906020553
2018-10-09 14:17:30,259 - org.eclipse.emf.ecore - 2.9.2.v20131212-0545
2018-10-09 14:17:30,260 - org.eclipse.emf.ecore.change - 2.9.0.v20131212-0545
2018-10-09 14:17:30,261 - org.eclipse.emf.ecore.xmi - 2.9.1.v20131212-0545
2018-10-09 14:17:30,264 - org.eclipse.emf.codegen.ui - 2.6.0.v20140203-1126
2018-10-09 14:17:30,267 - org.eclipse.jst.ws.axis2.core - 1.0.204.v201004211805
2018-10-09 14:17:30,267 - org.eclipse.jst.ws.axis2.ui - 1.0.303.v201003110431
2018-10-09 14:17:30,267 - org.eclipse.jst.ws.axis2.consumption.core - 1.0.105.v201004211805
2018-10-09 14:17:30,268 - org.eclipse.jst.ws.axis2.consumption.ui - 1.0.103.v201004211805
2018-10-09 14:17:30,269 - org.eclipse.jst.ws.axis2.creation.core - 1.0.106.v201004211805
2018-10-09 14:17:30,269 - org.eclipse.jst.ws.axis2.creation.ui - 1.0.104.v201004211805
2018-10-09 14:17:30,276 - org.eclipse.jst.ws.axis2.ui.doc.user - 1.0.100.v201005192217
2018-10-09 14:17:30,281 - org.eclipse.jpt.jaxb.core - 1.3.0.v201305152244
2018-10-09 14:17:30,282 - org.eclipse.jpt.jaxb.core.schemagen - 1.1.0.v201302131909
2018-10-09 14:17:30,282 - org.eclipse.jpt.jaxb.ui - 1.4.0.v201305082238
2018-10-09 14:17:30,283 - org.eclipse.jpt.jaxb.branding - 1.3.0.v201209060440
2018-10-09 14:17:30,287 - java_cup.runtime - 0.10.0.v201005080400
2018-10-09 14:17:30,289 - org.apache.xerces - 2.9.0.v201101211617
2018-10-09 14:17:30,291 - org.eclipse.wst.xml.xpath2.processor - 2.1.100.v201211261519
2018-10-09 14:17:30,292 - org.eclipse.wst.xml.xpath2.wtptypes - 2.0.0.v201103212215
2018-10-09 14:17:30,292 - org.eclipse.wst.xml.xpath2 - 1.1.0.v200910101444
2018-10-09 14:17:30,293 - org.eclipse.wst.xml.xpath2.processor.doc.user - 2.0.0.v201105190326
2018-10-09 14:17:30,295 - org.eclipse.sequoyah.vnc.protocol - 2.1.0.N20120718-0509
2018-10-09 14:17:30,298 - org.eclipse.datatools.enablement.oracle.dbdefinition - 1.0.103.v201206010214
2018-10-09 14:17:30,299 - org.eclipse.datatools.enablement.oracle - 1.0.0.v201107221506
2018-10-09 14:17:30,299 - org.eclipse.datatools.enablement.oracle.ui - 1.0.3.v201201131121
2018-10-09 14:17:30,299 - org.eclipse.datatools.enablement.finfo - 1.5.1.v200906161800
2018-10-09 14:17:30,302 - org.eclipse.datatools.common.doc.user - 1.7.0.20090521092446
2018-10-09 14:17:30,304 - org.eclipse.rse.services.ssh - 3.2.100.201305201712
2018-10-09 14:17:30,305 - org.eclipse.rse.connectorservice.ssh - 2.1.300.201205062159
2018-10-09 14:17:30,306 - org.eclipse.rse.subsystems.files.ssh - 2.1.300.201205062159
2018-10-09 14:17:30,307 - org.eclipse.rse.subsystems.shells.ssh - 2.1.400.201205062159
2018-10-09 14:17:30,310 - org.eclipse.mylyn.commons.notifications.core - 1.1.0.v20130612-0100
2018-10-09 14:17:30,310 - org.eclipse.mylyn.commons.notifications.feed - 1.1.0.v20130612-0100
2018-10-09 14:17:30,311 - org.eclipse.mylyn.commons.notifications.ui - 1.1.0.v20130612-0100
2018-10-09 14:17:30,314 - org.eclipse.egit.core - 3.0.0.201306101825-r
2018-10-09 14:17:30,315 - org.eclipse.egit.ui - 3.0.0.201306101825-r
2018-10-09 14:17:30,315 - org.eclipse.egit - 3.0.0.201306101825-r
2018-10-09 14:17:30,316 - org.eclipse.egit.doc - 3.0.0.201306101825-r
2018-10-09 14:17:30,319 - org.eclipse.persistence.moxy - 2.5.0.v20130507-3faac2b
2018-10-09 14:17:30,320 - org.eclipse.jpt.jaxb.eclipselink.core - 1.3.0.v201305152244
2018-10-09 14:17:30,321 - org.eclipse.jpt.jaxb.eclipselink.ui - 1.4.0.v201304230122
2018-10-09 14:17:30,322 - org.eclipse.jpt.jaxb.eclipselink.core.schemagen - 1.2.0.v201302131909
2018-10-09 14:17:30,322 - org.eclipse.jpt.jaxb.eclipselink.branding - 1.3.0.v201209060440
2018-10-09 14:17:30,325 - com.ianbrandt.tools.m2e.mdp.core - 0.0.4.201409291703
2018-10-09 14:17:30,328 - org.eclipse.jgit - 3.0.0.201306101825-r
2018-10-09 14:17:30,329 - com.jcraft.jsch - 0.1.46.v201205102330
2018-10-09 14:17:30,329 - javaewah - 0.5.6.v201210150900
2018-10-09 14:17:30,332 - org.eclipse.wst.xsl.core - 1.1.301.v20130423-0632
2018-10-09 14:17:30,333 - org.eclipse.wst.xsl.debug.ui - 1.0.302.v201304241031
2018-10-09 14:17:30,334 - org.eclipse.wst.xsl.launching - 1.1.0.v201304241031
2018-10-09 14:17:30,334 - org.eclipse.wst.xsl.xalan - 1.0.100.v201103081922
2018-10-09 14:17:30,335 - org.eclipse.wst.xsl.ui - 1.1.301.v20130423-0632
2018-10-09 14:17:30,336 - org.eclipse.wst.xml.xpath.ui - 1.1.101.v201204260040
2018-10-09 14:17:30,336 - org.apache.xalan - 2.7.1.v201005080400
2018-10-09 14:17:30,337 - org.apache.commons.logging - 1.1.1.v201101211721
2018-10-09 14:17:30,338 - org.eclipse.wst.xsl.doc - 1.0.100.v201004292007
2018-10-09 14:17:30,338 - org.eclipse.wst.xml.xpath.core - 1.3.0.v201108312136
2018-10-09 14:17:30,339 - org.apache.xml.serializer - 2.7.1.v201005080400
2018-10-09 14:17:30,340 - org.apache.bcel - 5.2.0.v201005080400
2018-10-09 14:17:30,340 - java_cup.runtime - 0.10.0.v201005080400
2018-10-09 14:17:30,340 - org.eclipse.wst.xsl.saxon - 1.0.200.v201103081922
2018-10-09 14:17:30,340 - org.eclipse.wst.xsl - 1.2.0.v201009121641
2018-10-09 14:17:30,341 - org.eclipse.wst.xsl.jaxp.debug - 1.0.300.v201304102231
2018-10-09 14:17:30,341 - org.eclipse.wst.xsl.jaxp.debug.ui - 1.0.200.v201103081922
2018-10-09 14:17:30,342 - org.eclipse.wst.xsl.jaxp.launching - 1.0.300.v201304102231
2018-10-09 14:17:30,343 - org.apache.log4j - 1.2.15.v201012070815
2018-10-09 14:17:30,343 - org.eclipse.wst.xsl.exslt.core - 1.0.0.v201005240426
2018-10-09 14:17:30,344 - org.eclipse.wst.xsl.exslt.ui - 1.0.0.v201006012005
2018-10-09 14:17:30,346 - org.eclipse.andmore.gldebugger - 0.5.0.201605181018
2018-10-09 14:17:30,349 - org.eclipse.draw2d - 3.9.0.201308190730
2018-10-09 14:17:30,352 - org.eclipse.datatools.enablement.oda.ws.ui - 1.2.6.v201308091040
2018-10-09 14:17:30,352 - org.eclipse.datatools.enablement.oda.xml.ui - 1.2.7.v201309031044
2018-10-09 14:17:30,356 - org.eclipse.jpt.common.eclipselink.core - 1.3.0.v201304302343
2018-10-09 14:17:30,356 - org.eclipse.jpt.common.eclipselink.branding - 1.3.0.v201209060440
2018-10-09 14:17:30,361 - org.eclipse.sequoyah.vnc.vncviewer.vncviews - 2.1.0.N20120718-0509
2018-10-09 14:17:30,365 - org.eclipse.datatools.enablement.jdt.classpath - 1.0.1.v201107221501
2018-10-09 14:17:30,368 - org.eclipse.sequoyah.device.common.utilities - 2.1.0.N20120718-0509
2018-10-09 14:17:30,370 - org.eclipse.emf.databinding.edit - 1.3.0.v20140203-1126
2018-10-09 14:17:30,373 - org.eclipse.emf.common - 2.9.2.v20131212-0545
2018-10-09 14:17:30,377 - org.eclipse.sequoyah.device.backward - 2.1.0.N20120718-0509
2018-10-09 14:17:30,377 - org.eclipse.sequoyah.device.framework - 2.1.0.N20120718-0509
2018-10-09 14:17:30,378 - org.eclipse.sequoyah.device.framework.ui - 2.1.0.N20120718-0509
2018-10-09 14:17:30,379 - org.eclipse.sequoyah.device.service.start - 2.1.0.N20120718-0509
2018-10-09 14:17:30,379 - org.eclipse.sequoyah.device.service.stop - 2.1.0.N20120718-0509
2018-10-09 14:17:30,380 - org.eclipse.sequoyah.device.framework.wizard - 2.1.0.N20120718-0509
2018-10-09 14:17:30,383 - org.eclipse.emf.ecore.edit - 2.8.0.v20140203-1126
2018-10-09 14:17:30,384 - org.eclipse.emf.ecore.change.edit - 2.5.0.v20140203-1126
2018-10-09 14:17:30,388 - org.eclipse.wst.dtd.ui - 1.0.801.v201308100603
2018-10-09 14:17:30,389 - org.eclipse.wst.dtd.ui.infopop - 1.0.400.v201008112018
2018-10-09 14:17:30,390 - org.eclipse.wst.sse.ui.infopop - 1.0.300.v201004150328
2018-10-09 14:17:30,390 - org.eclipse.wst.xml.ui.infopop - 1.0.400.v201004292007
2018-10-09 14:17:30,391 - org.eclipse.wst.sse.ui - 1.3.201.v201401132128
2018-10-09 14:17:30,391 - org.eclipse.wst.xml.ui - 1.1.401.v201308132110
2018-10-09 14:17:30,393 - org.eclipse.wst.xsd.ui - 1.2.500.v201203081826
2018-10-09 14:17:30,396 - org.eclipse.andmore.hierarchyviewer - 0.5.0.201605181018
2018-10-09 14:17:30,399 - org.eclipse.datatools.connectivity.doc.user.contexts - 1.7.0.20090521092446
2018-10-09 14:17:30,399 - org.eclipse.datatools.connectivity.doc.user - 1.7.0.20090521092446
2018-10-09 14:17:30,401 - org.eclipse.emf.ecore.editor - 2.9.0.v20140203-1126
2018-10-09 14:17:30,405 - org.apache.ant - 1.8.4.v201303080030
2018-10-09 14:17:30,406 - org.eclipse.ant.core - 3.2.500.v20130402-1746
2018-10-09 14:17:30,406 - com.jcraft.jsch - 0.1.46.v201205102330
2018-10-09 14:17:30,407 - org.eclipse.compare.core - 3.5.300.v20130514-1224
2018-10-09 14:17:30,407 - org.eclipse.compare - 3.5.400.v20130514-1224
2018-10-09 14:17:30,408 - org.eclipse.compare.win32 - 1.0.200.v20130514-1224
2018-10-09 14:17:30,409 - org.eclipse.core.filebuffers - 3.5.300.v20130225-1821
2018-10-09 14:17:30,410 - org.eclipse.core.filesystem - 1.4.0.v20130514-1240
2018-10-09 14:17:30,411 - org.eclipse.core.net - 1.2.200.v20130430-1352
2018-10-09 14:17:30,411 - org.eclipse.core.net.win32.x86_64 - 1.0.100.v20100505-1614
2018-10-09 14:17:30,412 - org.eclipse.core.resources - 3.8.100.v20130521-2026
2018-10-09 14:17:30,413 - org.eclipse.core.runtime.compatibility - 3.2.200.v20130326-1255
2018-10-09 14:17:30,413 - org.eclipse.core.runtime.compatibility.registry - 3.5.200.v20130514-1256
2018-10-09 14:17:30,414 - org.eclipse.osgi.util - 3.2.300.v20130513-1956
2018-10-09 14:17:30,415 - org.eclipse.debug.core - 3.8.0.v20130514-0954
2018-10-09 14:17:30,416 - org.eclipse.debug.ui - 3.9.0.v20130516-1713
2018-10-09 14:17:30,417 - org.eclipse.equinox.event - 1.3.0.v20130327-1442
2018-10-09 14:17:30,418 - org.eclipse.ltk.core.refactoring - 3.6.100.v20130605-1748
2018-10-09 14:17:30,418 - org.eclipse.ltk.ui.refactoring - 3.7.100.v20130605-1748
2018-10-09 14:17:30,418 - org.eclipse.platform - 4.3.0.v20130605-2000
2018-10-09 14:17:30,419 - org.eclipse.platform.doc.user - 4.3.0.v20130605-1059
2018-10-09 14:17:30,420 - org.eclipse.search - 3.9.0.v20130312-1625
2018-10-09 14:17:30,420 - org.eclipse.team.core - 3.7.0.v20130514-1224
2018-10-09 14:17:30,421 - org.eclipse.team.ui - 3.7.0.v20130514-1224
2018-10-09 14:17:30,422 - org.eclipse.text - 3.5.300.v20130515-1451
2018-10-09 14:17:30,423 - org.eclipse.jface.text - 3.8.100.v20130515-1957
2018-10-09 14:17:30,423 - org.eclipse.jsch.core - 1.1.400.v20111202-1616
2018-10-09 14:17:30,424 - org.eclipse.jsch.ui - 1.1.400.v20111007-1310
2018-10-09 14:17:30,425 - org.eclipse.ui.console - 3.5.200.v20130514-0954
2018-10-09 14:17:30,426 - org.eclipse.ui.intro - 3.4.200.v20130326-1254
2018-10-09 14:17:30,426 - org.eclipse.ui.intro.universal - 3.2.600.v20130326-1254
2018-10-09 14:17:30,427 - org.eclipse.ui.cheatsheets - 3.4.200.v20130326-1254
2018-10-09 14:17:30,427 - org.eclipse.ui.browser - 3.4.100.v20130527-1656
2018-10-09 14:17:30,428 - org.eclipse.ui.navigator - 3.5.300.v20130517-0139
2018-10-09 14:17:30,428 - org.eclipse.ui.navigator.resources - 3.4.500.v20130516-1049
2018-10-09 14:17:30,429 - org.eclipse.ui.net - 1.2.200.v20120807-0927
2018-10-09 14:17:30,430 - org.eclipse.ui.workbench.texteditor - 3.8.100.v20130514-1533
2018-10-09 14:17:30,431 - org.eclipse.ui.views - 3.6.100.v20130326-1250
2018-10-09 14:17:30,431 - org.eclipse.ui.editors - 3.8.100.v20130513-1637
2018-10-09 14:17:30,432 - org.eclipse.ui.externaltools - 3.2.200.v20130508-2007
2018-10-09 14:17:30,433 - org.eclipse.ui.ide - 3.9.0.v20130517-0139
2018-10-09 14:17:30,434 - org.eclipse.ui.ide.application - 1.0.400.v20130326-1250
2018-10-09 14:17:30,434 - org.eclipse.ui.win32 - 3.2.400.v20130516-1056
2018-10-09 14:17:30,435 - org.eclipse.core.resources.win32.x86_64 - 3.5.0.v20121203-0906
2018-10-09 14:17:30,435 - org.eclipse.core.filesystem.win32.x86_64 - 1.4.0.v20121112-1357
2018-10-09 14:17:30,438 - org.eclipse.core.variables - 3.2.700.v20130402-1741
2018-10-09 14:17:30,441 - org.eclipse.ui.forms - 3.6.0.v20130517-0139
2018-10-09 14:17:30,442 - org.eclipse.ui.views.properties.tabbed - 3.6.0.v20130515-1857
2018-10-09 14:17:30,445 - org.eclipse.equinox.security - 1.2.0.v20130424-1801
2018-10-09 14:17:30,446 - org.eclipse.equinox.security.ui - 1.1.100.v20130327-1442
2018-10-09 14:17:30,447 - org.eclipse.equinox.security.win32.x86_64 - 1.0.100.v20130327-1442
2018-10-09 14:17:30,448 - org.eclipse.core.externaltools - 1.0.200.v20130402-1741
2018-10-09 14:17:30,451 - org.eclipse.egit.mylyn.ui - 3.0.0.201306101825-r
2018-10-09 14:17:30,456 - org.eclipse.datatools.enablement.ibm - 1.0.0.v201401170830
2018-10-09 14:17:30,457 - org.eclipse.datatools.enablement.ibm.db2 - 1.0.0.v201401170830
2018-10-09 14:17:30,458 - org.eclipse.datatools.enablement.ibm.db2.iseries.dbdefinition - 1.0.3.v201107221502
2018-10-09 14:17:30,459 - org.eclipse.datatools.enablement.ibm.db2.iseries - 1.0.2.v201107221502
2018-10-09 14:17:30,460 - org.eclipse.datatools.enablement.ibm.db2.iseries.ui - 1.0.3.v201212120614
2018-10-09 14:17:30,462 - org.eclipse.datatools.enablement.ibm.db2.luw.dbdefinition - 1.0.6.v201401290336
2018-10-09 14:17:30,463 - org.eclipse.datatools.enablement.ibm.db2.luw - 1.0.3.v201401170830
2018-10-09 14:17:30,464 - org.eclipse.datatools.enablement.ibm.db2.luw.ui - 1.0.6.v201402010752
2018-10-09 14:17:30,465 - org.eclipse.datatools.enablement.ibm.db2.zseries.dbdefinition - 1.0.4.v201107221502
2018-10-09 14:17:30,467 - org.eclipse.datatools.enablement.ibm.db2.zseries - 1.0.2.v201107221502
2018-10-09 14:17:30,468 - org.eclipse.datatools.enablement.ibm.db2.zseries.ui - 1.0.2.v201202100836
2018-10-09 14:17:30,469 - org.eclipse.datatools.enablement.ibm.informix.dbdefinition - 1.0.4.v201107221502
2018-10-09 14:17:30,470 - org.eclipse.datatools.enablement.ibm.informix - 1.0.1.v201107221502
2018-10-09 14:17:30,471 - org.eclipse.datatools.enablement.ibm.informix.ui - 1.0.3.v201202100836
2018-10-09 14:17:30,471 - org.eclipse.datatools.enablement.ibm.ui - 1.0.0.v201107221502
2018-10-09 14:17:30,475 - javax.el - 2.2.0.v201303151357
2018-10-09 14:17:30,476 - javax.servlet - 3.0.0.v201112011016
2018-10-09 14:17:30,477 - javax.servlet.jsp - 2.2.0.v201112011158
2018-10-09 14:17:30,478 - com.sun.el - 2.2.0.v201303151357
2018-10-09 14:17:30,478 - org.apache.commons.logging - 1.1.1.v201101211721
2018-10-09 14:17:30,479 - org.apache.jasper.glassfish - 2.2.2.v201205150955
2018-10-09 14:17:30,481 - org.apache.lucene.analysis - 3.5.0.v20120725-1805
2018-10-09 14:17:30,482 - org.apache.lucene.core - 3.5.0.v20120725-1805
2018-10-09 14:17:30,483 - org.eclipse.equinox.http.jetty - 3.0.100.v20130327-1442
2018-10-09 14:17:30,483 - org.eclipse.equinox.http.registry - 1.1.300.v20130402-1529
2018-10-09 14:17:30,484 - org.eclipse.equinox.http.servlet - 1.1.400.v20130418-1354
2018-10-09 14:17:30,485 - org.eclipse.equinox.jsp.jasper - 1.0.400.v20130327-1442
2018-10-09 14:17:30,485 - org.eclipse.equinox.jsp.jasper.registry - 1.0.300.v20130327-1442
2018-10-09 14:17:30,485 - org.eclipse.help.base - 4.0.0.v20130605-2000
2018-10-09 14:17:30,486 - org.eclipse.help.ui - 4.0.0.v20130515-1955
2018-10-09 14:17:30,487 - org.eclipse.help.webapp - 3.6.200.v20130514-1258
2018-10-09 14:17:30,488 - org.eclipse.jetty.continuation - 8.1.10.v20130312
2018-10-09 14:17:30,489 - org.eclipse.jetty.http - 8.1.10.v20130312
2018-10-09 14:17:30,490 - org.eclipse.jetty.io - 8.1.10.v20130312
2018-10-09 14:17:30,491 - org.eclipse.jetty.security - 8.1.10.v20130312
2018-10-09 14:17:30,492 - org.eclipse.jetty.server - 8.1.10.v20130312
2018-10-09 14:17:30,493 - org.eclipse.jetty.servlet - 8.1.10.v20130312
2018-10-09 14:17:30,494 - org.eclipse.jetty.util - 8.1.10.v20130312
2018-10-09 14:17:30,498 - org.eclipse.emf.codegen.ecore - 2.9.1.v20140203-1126
2018-10-09 14:17:30,499 - org.eclipse.emf.ant - 2.8.0.v20140203-1126
2018-10-09 14:17:30,513 - com.android.ide.eclipse.base - 23.0.7.2120684
2018-10-09 14:17:30,513 - com.android.ide.eclipse.ddms - 23.0.7.2120684
2018-10-09 14:17:30,516 - org.eclipse.emf.databinding - 1.3.0.v20140203-1126
2018-10-09 14:17:30,519 - org.eclipse.tm.terminal.ssh - 2.1.300.201305201712
2018-10-09 14:17:30,522 - org.eclipse.datatools.connectivity.db.generic - 1.0.1.v201107221459
2018-10-09 14:17:30,523 - org.eclipse.datatools.connectivity.db.generic.ui - 1.0.2.v201211200622
2018-10-09 14:17:30,523 - org.eclipse.datatools.connectivity.dbdefinition.genericJDBC - 1.0.2.v201310181001
2018-10-09 14:17:30,526 - org.eclipse.datatools.enablement.msft.sqlserver.dbdefinition - 1.0.1.v201201240505
2018-10-09 14:17:30,527 - org.eclipse.datatools.enablement.msft.sqlserver - 1.0.3.v201308161009
2018-10-09 14:17:30,528 - org.eclipse.datatools.enablement.msft.sqlserver.ui - 1.0.4.v201308031011
2018-10-09 14:17:30,528 - org.eclipse.datatools.enablement.finfo - 1.5.1.v200906161800
2018-10-09 14:17:30,530 - org.eclipse.mylyn.commons.core - 3.9.0.v20130612-0100
2018-10-09 14:17:30,531 - org.eclipse.mylyn.commons.screenshots - 3.9.0.v20130612-0100
2018-10-09 14:17:30,531 - org.eclipse.mylyn.commons.ui - 3.9.0.v20130612-0100
2018-10-09 14:17:30,532 - org.eclipse.mylyn.commons.workbench - 3.9.0.v20130612-0100
2018-10-09 14:17:30,535 - org.eclipse.epp.mpc.core - 1.2.0.v20130612-1900
2018-10-09 14:17:30,535 - org.eclipse.epp.mpc.ui - 1.2.0.v20130612-1900
2018-10-09 14:17:30,535 - org.eclipse.epp.mpc.help.ui - 1.2.0.v20130612-1900
2018-10-09 14:17:30,538 - org.eclipse.rse.core - 3.3.100.201305201712
2018-10-09 14:17:30,538 - org.eclipse.rse.doc.user - 3.4.100.201305031537
2018-10-09 14:17:30,539 - org.eclipse.rse.efs - 2.1.401.201301141950
2018-10-09 14:17:30,540 - org.eclipse.rse.efs.ui - 2.1.400.201205062159
2018-10-09 14:17:30,540 - org.eclipse.rse.importexport - 1.2.300.201205241511
2018-10-09 14:17:30,541 - org.eclipse.rse.files.ui - 3.2.200.201305031537
2018-10-09 14:17:30,541 - org.eclipse.rse.processes.ui - 3.0.400.201205062159
2018-10-09 14:17:30,542 - org.eclipse.rse.services - 3.2.200.201211090626
2018-10-09 14:17:30,543 - org.eclipse.rse.shells.ui - 3.0.500.201305031537
2018-10-09 14:17:30,543 - org.eclipse.rse.subsystems.files.core - 3.3.1.201211140039
2018-10-09 14:17:30,544 - org.eclipse.rse.subsystems.processes.core - 3.1.300.201205062159
2018-10-09 14:17:30,544 - org.eclipse.rse.subsystems.processes.shell.linux - 1.1.400.201205062159
2018-10-09 14:17:30,545 - org.eclipse.rse.subsystems.shells.core - 3.1.300.201205141739
2018-10-09 14:17:30,546 - org.eclipse.rse.ui - 3.3.100.201305071605
2018-10-09 14:17:30,549 - net.sourceforge.lpg.lpgjavaruntime - 1.1.0.v201004271650
2018-10-09 14:17:30,550 - org.eclipse.datatools.sqltools.parsers.sql.lexer - 1.0.1.v201107221520
2018-10-09 14:17:30,550 - org.eclipse.datatools.sqltools.parsers.sql.query - 1.2.1.v201201250511
2018-10-09 14:17:30,551 - org.eclipse.datatools.sqltools.parsers.sql.xml.query - 1.0.0.v201107221520
2018-10-09 14:17:30,551 - org.eclipse.datatools.sqltools.parsers.sql - 1.0.2.v201107221520
2018-10-09 14:17:30,554 - org.eclipse.datatools.enablement.sqlite - 1.0.0.v201002041100
2018-10-09 14:17:30,554 - org.eclipse.datatools.enablement.sqlite.dbdefinition - 1.0.2.v201206010441
2018-10-09 14:17:30,555 - org.eclipse.datatools.enablement.sqlite.ui - 1.0.0.v201107221507
2018-10-09 14:17:30,555 - org.eclipse.datatools.enablement.finfo - 1.5.1.v200906161800
2018-10-09 14:17:30,558 - org.objectweb.asm - 4.0.0.v201302062210
2018-10-09 14:17:30,558 - org.eclipse.andmore - 0.5.0.201605181018
2018-10-09 14:17:30,558 - org.eclipse.andmore.base - 0.5.0.201605181018
2018-10-09 14:17:30,559 - org.eclipse.andmore.ddms - 0.5.0.201605181018
2018-10-09 14:17:30,559 - org.eclipse.andmore.overlay - 0.5.0.201605181018
2018-10-09 14:17:30,560 - org.apache.commons.codec - 1.6.0.v201305230611
2018-10-09 14:17:30,561 - org.apache.commons.compress - 1.6.0.v201310281400
2018-10-09 14:17:30,562 - org.apache.httpcomponents.httpclient - 4.3.6.v201411290715
2018-10-09 14:17:30,562 - org.apache.httpcomponents.httpcore - 4.3.3.v201411290715
2018-10-09 14:17:30,565 - org.eclipse.epp.package.jee - 2.0.0.20130613-0530
2018-10-09 14:17:30,566 - org.eclipse.wtp.epp.package.jee.intro - 1.3.0.v201006142040
2018-10-09 14:17:30,566 - org.eclipse.wtp.javascript.capabilities - 1.0.100.v201005102000
2018-10-09 14:17:30,567 - org.eclipse.wtp.jee.capabilities - 1.0.100.v201005102000
2018-10-09 14:17:30,567 - org.eclipse.wtp.web.capabilities - 1.0.100.v201005102000
2018-10-09 14:17:30,568 - org.eclipse.wtp.xml.capabilities - 1.0.100.v201005102000
2018-10-09 14:17:30,569 - org.eclipse.wtp.epp.package.capabilities - 1.3.0.v201005102000
2018-10-09 14:17:30,573 - org.eclipse.mylyn.commons.repositories.core - 1.1.0.v20130612-0100
2018-10-09 14:17:30,574 - org.eclipse.mylyn.commons.repositories.ui - 1.1.0.v20130612-0100
2018-10-09 14:17:30,576 - org.eclipse.jdt - 3.9.1.v20140221-1700
2018-10-09 14:17:30,577 - org.eclipse.ant.ui - 3.5.400.v20140203-1328
2018-10-09 14:17:30,578 - org.eclipse.jdt.apt.core - 3.3.500.v20120516-0617
2018-10-09 14:17:30,578 - org.eclipse.jdt.apt.ui - 3.3.300.v20120516-0617
2018-10-09 14:17:30,579 - org.eclipse.jdt.apt.pluggable.core - 1.0.400.v20120516-0617
2018-10-09 14:17:30,580 - org.eclipse.jdt.compiler.apt - 1.0.600.v20130530-1010
2018-10-09 14:17:30,580 - org.eclipse.jdt.compiler.tool - 1.0.200.v20130530-1010
2018-10-09 14:17:30,581 - org.eclipse.jdt.core - 3.9.2.v20140114-1555
2018-10-09 14:17:30,581 - org.eclipse.jdt.annotation - 1.1.0.v20130513-1648
2018-10-09 14:17:30,582 - org.eclipse.jdt.core.manipulation - 1.5.0.v20130605-1748
2018-10-09 14:17:30,583 - org.eclipse.jdt.debug.ui - 3.6.200.v20130514-0841
2018-10-09 14:17:30,584 - org.eclipse.jdt.debug - 3.8.0.v20130514-0841
2018-10-09 14:17:30,585 - org.eclipse.jdt.junit - 3.7.200.v20130514-0733
2018-10-09 14:17:30,585 - org.eclipse.jdt.junit.core - 3.7.200.v20130514-1154
2018-10-09 14:17:30,586 - org.eclipse.jdt.junit.runtime - 3.4.400.v20130514-0733
2018-10-09 14:17:30,587 - org.eclipse.jdt.junit4.runtime - 1.1.300.v20130514-0733
2018-10-09 14:17:30,587 - org.eclipse.jdt.launching - 3.7.1.v20131218-1102
2018-10-09 14:17:30,589 - org.eclipse.jdt.ui - 3.9.2.v20131106-1600
2018-10-09 14:17:30,590 - org.junit - 4.11.0.v201303080030
2018-10-09 14:17:30,591 - org.hamcrest.core - 1.3.0.v201303031735
2018-10-09 14:17:30,592 - org.eclipse.jdt.doc.user - 3.9.1.v20140205-0929
2018-10-09 14:17:30,592 - org.eclipse.ant.launching - 1.0.300.v20140203-1328
2018-10-09 14:17:30,595 - org.eclipse.emf.edit.ui - 2.9.0.v20140203-1126
2018-10-09 14:17:30,598 - org.eclipse.mylyn.java.ui - 3.9.0.v20130612-0100
2018-10-09 14:17:30,599 - org.eclipse.mylyn.java.tasks - 3.9.0.v20130612-0100
2018-10-09 14:17:30,600 - org.eclipse.mylyn.ide.ui - 3.9.0.v20130612-0100
2018-10-09 14:17:30,601 - org.eclipse.mylyn.ide.ant - 3.9.0.v20130612-0100
2018-10-09 14:17:30,602 - org.eclipse.mylyn.debug.ui - 3.9.0.v20130612-0100
2018-10-09 14:17:30,607 - org.eclipse.datatools.enablement.sybase.asa.models - 1.0.0.v201107221507
2018-10-09 14:17:30,608 - org.eclipse.datatools.enablement.sybase.ase.models - 1.0.1.v201010140307
2018-10-09 14:17:30,609 - org.eclipse.datatools.enablement.sybase.asa - 1.0.2.v201212120618
2018-10-09 14:17:30,610 - org.eclipse.datatools.enablement.sybase.ase - 1.0.3.v201212120618
2018-10-09 14:17:30,610 - org.eclipse.datatools.enablement.sybase.ase.dbdefinition - 1.0.0.v201107221507
2018-10-09 14:17:30,611 - org.eclipse.datatools.enablement.sybase.asa.dbdefinition - 1.0.0.v200906161800
2018-10-09 14:17:30,611 - org.eclipse.datatools.enablement.sybase.asa.ui - 1.0.1.v200906111204
2018-10-09 14:17:30,612 - org.eclipse.datatools.enablement.sybase.ase.ui - 1.0.1.v200906020900
2018-10-09 14:17:30,612 - org.eclipse.datatools.enablement.sybase - 1.0.1.v201107221507
2018-10-09 14:17:30,612 - org.eclipse.datatools.enablement.sybase.models - 1.0.0.v201010140307
2018-10-09 14:17:30,613 - org.eclipse.datatools.enablement.sybase.ui - 1.0.0.v200906090452
2018-10-09 14:17:30,614 - org.eclipse.datatools.enablement.sybase.asa.schemaobjecteditor.examples - 2.5.0.200810071
2018-10-09 14:17:30,616 - org.eclipse.jst.ws.jaxws.core - 1.0.300.v201304072043
2018-10-09 14:17:30,617 - org.eclipse.jst.ws.jaxws.ui - 1.0.300.v201302270042
2018-10-09 14:17:30,618 - javax.xml.ws - 2.1.0.v200902101523
2018-10-09 14:17:30,618 - javax.jws - 2.0.0.v201005080400
2018-10-09 14:17:30,619 - org.eclipse.jst.ws.annotations.core - 1.2.100.v201304072043
2018-10-09 14:17:30,619 - javax.xml.bind - 2.1.9.v201005080401
2018-10-09 14:17:30,620 - javax.xml.stream - 1.0.1.v201004272200
2018-10-09 14:17:30,620 - org.eclipse.jst.ws.jaxb.core - 1.0.100.v201104031139
2018-10-09 14:17:30,620 - javax.wsdl - 1.6.2.v201012040545
2018-10-09 14:17:30,621 - org.jdom - 1.1.1.v201101151400
2018-10-09 14:17:30,624 - org.eclipse.rse.subsystems.terminals.core - 1.0.300.201205062159
2018-10-09 14:17:30,625 - org.eclipse.rse.subsystems.terminals.ssh - 1.0.200.201205062159
2018-10-09 14:17:30,625 - org.eclipse.rse.terminals.ui - 1.2.100.201305201712
2018-10-09 14:17:30,628 - org.eclipse.wst.jsdt.web.core - 1.0.700.v201307162035
2018-10-09 14:17:30,629 - org.eclipse.wst.jsdt.web.ui - 1.0.700.v201308282108
2018-10-09 14:17:30,629 - org.eclipse.wst.html.ui.infopop - 1.0.200.v201004150328
2018-10-09 14:17:30,630 - org.eclipse.wst.web.ui.infopop - 1.0.300.v200805140415
2018-10-09 14:17:30,630 - org.eclipse.wst.css.ui - 1.0.801.v201307171524
2018-10-09 14:17:30,631 - org.eclipse.wst.html.ui - 1.0.801.v201307171524
2018-10-09 14:17:30,631 - org.eclipse.wst.web.ui - 1.1.600.v201109220400
2018-10-09 14:17:30,633 - org.eclipse.mylyn.context.core - 3.9.0.v20130612-0100
2018-10-09 14:17:30,634 - org.eclipse.mylyn.context.ui - 3.9.0.v20130612-0100
2018-10-09 14:17:30,634 - org.eclipse.mylyn.resources.ui - 3.9.0.v20130612-0100
2018-10-09 14:17:30,635 - org.eclipse.mylyn.context.tasks.ui - 3.9.0.v20130612-0100
2018-10-09 14:17:30,637 - org.eclipse.emf.mapping - 2.7.0.v20140203-1126
2018-10-09 14:17:30,640 - org.eclipse.emf.codegen.ecore.ui - 2.9.1.v20140203-1126
2018-10-09 14:17:30,642 - org.eclipse.datatools.enablement.ingres - 1.0.0.v200906111150
2018-10-09 14:17:30,643 - org.eclipse.datatools.enablement.ingres.dbdefinition - 1.0.0.v200906161800
2018-10-09 14:17:30,644 - org.eclipse.datatools.enablement.ingres.ui - 1.0.0.v201105270214
2018-10-09 14:17:30,644 - org.eclipse.datatools.enablement.finfo - 1.5.1.v200906161800
2018-10-09 14:17:30,646 - org.sonatype.m2e.mavenarchiver - 0.15.0.201207090125-signed-20130606110615
2018-10-09 14:17:30,648 - org.eclipse.rse.services.local - 2.1.500.201305211438
2018-10-09 14:17:30,649 - org.eclipse.rse.subsystems.files.local - 2.1.300.201205062159
2018-10-09 14:17:30,649 - org.eclipse.rse.subsystems.processes.local - 2.1.400.201205062159
2018-10-09 14:17:30,650 - org.eclipse.rse.subsystems.shells.local - 2.1.400.201205062159
2018-10-09 14:17:30,651 - org.eclipse.rse.connectorservice.local - 2.1.400.201205062159
2018-10-09 14:17:30,656 - org.apache.commons.net - 3.2.0.v201305141515
2018-10-09 14:17:30,656 - org.eclipse.rse.connectorservice.telnet - 1.2.300.201205071750
2018-10-09 14:17:30,656 - org.eclipse.rse.services.telnet - 2.0.400.201305201712
2018-10-09 14:17:30,657 - org.eclipse.rse.subsystems.shells.telnet - 1.2.300.201205062159
2018-10-09 14:17:30,661 - org.eclipse.mylyn.tasks.bugs - 3.9.0.v20130612-0100
2018-10-09 14:17:30,662 - org.eclipse.mylyn.help.ui - 3.9.0.v20130612-0100
2018-10-09 14:17:30,665 - org.eclipse.datatools.sqltools.sql - 1.0.1.v201110050515
2018-10-09 14:17:30,665 - org.eclipse.datatools.sqltools.common.ui - 1.0.1.v201212120623
2018-10-09 14:17:30,665 - org.eclipse.datatools.sqltools.plan - 1.0.0.v201107221520
2018-10-09 14:17:30,666 - org.eclipse.datatools.sqltools.editor.core - 1.0.3.v201212120623
2018-10-09 14:17:30,667 - org.eclipse.datatools.sqltools.sqleditor - 1.0.4.v201212120623
2018-10-09 14:17:30,667 - org.eclipse.datatools.sqltools.ddlgen.ui - 1.0.3.v201211200616
2018-10-09 14:17:30,667 - org.eclipse.datatools.connectivity.db.generic - 1.0.1.v201107221459
2018-10-09 14:17:30,668 - org.eclipse.datatools.sqltools.editor.core.ui - 1.0.0.v201001150815
2018-10-09 14:17:30,668 - org.eclipse.datatools.sqltools.sql.ui - 1.0.1.v201201270735
2018-10-09 14:17:30,671 - org.eclipse.tm.terminal.telnet - 2.1.300.201305201712
2018-10-09 14:17:30,673 - org.eclipse.tm.terminal.view - 2.4.100.201305201712
2018-10-09 14:17:30,676 - org.eclipse.mylyn.team.cvs - 3.9.0.v20130612-0100
2018-10-09 14:17:30,677 - org.eclipse.mylyn.bugzilla.ide - 3.9.0.v20130612-0100
2018-10-09 14:17:30,677 - org.eclipse.mylyn.ide.ui - 3.9.0.v20130612-0100
2018-10-09 14:17:30,681 - org.eclipse.mylyn.monitor.core - 3.9.0.v20130612-0100
2018-10-09 14:17:30,682 - org.eclipse.mylyn.monitor.ui - 3.9.0.v20130612-0100
2018-10-09 14:17:30,685 - org.jdom - 1.1.1.v201101151400
2018-10-09 14:17:30,686 - org.eclipse.jst.ws.cxf.consumption.core - 1.0.201.v201301072322
2018-10-09 14:17:30,686 - org.eclipse.jst.ws.cxf.consumption.ui - 1.0.200.v201201312103
2018-10-09 14:17:30,686 - org.eclipse.jst.ws.cxf.core - 1.1.100.v201303142315
2018-10-09 14:17:30,687 - org.eclipse.jst.ws.cxf.creation.core - 1.0.300.v201303132105
2018-10-09 14:17:30,688 - org.eclipse.jst.ws.cxf.creation.ui - 1.0.201.v201301072322
2018-10-09 14:17:30,689 - org.eclipse.jst.ws.cxf.ui - 1.0.200.v201203062228
2018-10-09 14:17:30,689 - javax.wsdl - 1.6.2.v201012040545
2018-10-09 14:17:30,689 - javax.jws - 2.0.0.v201005080400
2018-10-09 14:17:30,689 - javax.xml.bind - 2.1.9.v201005080401
2018-10-09 14:17:30,689 - javax.xml.stream - 1.0.1.v201004272200
2018-10-09 14:17:30,689 - javax.xml.ws - 2.1.0.v200902101523
2018-10-09 14:17:30,692 - org.eclipse.emf - 2.6.0.v20140203-1126
2018-10-09 14:17:30,695 - org.eclipse.datatools.connectivity.oda.consumer - 3.2.6.v201305170644
2018-10-09 14:17:30,695 - org.eclipse.datatools.connectivity.oda.design - 3.3.6.v201212070447
2018-10-09 14:17:30,696 - org.eclipse.datatools.connectivity.oda.flatfile - 3.1.7.v201311081026
2018-10-09 14:17:30,697 - org.eclipse.datatools.connectivity.oda.profile - 3.2.9.v201307270622
2018-10-09 14:17:30,697 - org.eclipse.datatools.connectivity.oda - 3.4.2.v201311051159
2018-10-09 14:17:30,697 - org.eclipse.datatools.connectivity - 1.2.11.v201401230755
2018-10-09 14:17:30,699 - org.eclipse.emf.edit - 2.9.0.v20140203-1126
2018-10-09 14:17:30,702 - org.eclipse.datatools.connectivity.apache.derby.dbdefinition - 1.0.2.v201107221459
2018-10-09 14:17:30,702 - org.eclipse.datatools.connectivity.apache.derby.ui - 1.0.3.v201107221459
2018-10-09 14:17:30,703 - org.eclipse.datatools.connectivity.apache.derby - 1.0.103.v201212070447
2018-10-09 14:17:30,704 - org.eclipse.datatools.modelbase.derby - 1.0.0.v201107221519
2018-10-09 14:17:30,704 - org.eclipse.datatools.sqltools.db.derby - 1.0.0.v201107221520
2018-10-09 14:17:30,707 - javax.persistence - 2.1.0.v201304241213
2018-10-09 14:17:30,708 - org.eclipse.jpt.jpa.annotate - 1.0.0.v201304102025
2018-10-09 14:17:30,709 - org.eclipse.jpt.jpa.core - 3.3.0.v201305312216
2018-10-09 14:17:30,710 - org.eclipse.jpt.jpa.db - 2.2.0.v201303280008
2018-10-09 14:17:30,710 - org.eclipse.jpt.jpa.db.ui - 2.1.0.v201212040155
2018-10-09 14:17:30,711 - org.eclipse.jpt.jpa.gen - 2.3.0.v201305312216
2018-10-09 14:17:30,712 - org.eclipse.jpt.jpa.ui - 3.3.0.v201305240436
2018-10-09 14:17:30,712 - org.eclipse.jpt.doc.user - 3.2.0.v201306061405
2018-10-09 14:17:30,713 - org.eclipse.persistence.jpa.jpql - 2.5.0.v20130507-3faac2b
2018-10-09 14:17:30,714 - org.apache.commons.collections - 3.2.0.v2013030210310
2018-10-09 14:17:30,714 - org.apache.commons.lang - 2.6.0.v201205030909
2018-10-09 14:17:30,715 - org.apache.velocity - 1.5.0.v200905192330
2018-10-09 14:17:30,715 - org.jdom - 1.1.1.v201101151400
2018-10-09 14:17:30,715 - org.eclipse.jpt.jpa.branding - 3.3.0.v201209060440
2018-10-09 14:17:30,717 - org.eclipse.emf.converter - 2.6.0.v20140203-1126
2018-10-09 14:17:30,718 - org.eclipse.emf.importer - 2.8.1.v20140203-1126
2018-10-09 14:17:30,719 - org.eclipse.emf.exporter - 2.7.0.v20140203-1126
2018-10-09 14:17:30,719 - org.eclipse.emf.importer.ecore - 2.7.0.v20140203-1126
2018-10-09 14:17:30,720 - org.eclipse.emf.importer.java - 2.7.0.v20140203-1126
2018-10-09 14:17:30,721 - org.eclipse.emf.importer.rose - 2.7.0.v20140203-1126
2018-10-09 14:17:30,723 - org.eclipse.datatools.sqltools.doc.user - 1.7.0.20090521092446
2018-10-09 14:17:30,724 - org.eclipse.datatools.sqltools.doc.user.contexts - 1.7.0.20090521092446
2018-10-09 14:17:30,726 - org.eclipse.datatools.intro - 1.7.0.v201005281800
2018-10-09 14:17:30,729 - org.eclipse.mylyn.bugzilla.core - 3.9.0.v20130612-0100
2018-10-09 14:17:30,730 - org.eclipse.mylyn.bugzilla.ui - 3.9.0.v20130612-0100
2018-10-09 14:17:30,733 - org.eclipse.jst.ws - 1.0.600.v201108242234
2018-10-09 14:17:30,734 - org.eclipse.jst.j2ee.ui - 1.1.700.v201304172200
2018-10-09 14:17:30,734 - org.eclipse.jst.ws.axis.creation.ui - 1.0.750.v201204120428
2018-10-09 14:17:30,735 - org.eclipse.jst.ws.axis.consumption.ui - 1.0.700.v201204181727
2018-10-09 14:17:30,735 - org.eclipse.jst.j2ee.jca.ui - 1.1.500.v201304242200
2018-10-09 14:17:30,736 - org.eclipse.jst.j2ee.navigator.ui - 1.1.600.v201203142300
2018-10-09 14:17:30,737 - org.eclipse.jst.j2ee.webservice.ui - 1.1.500.v201105122000
2018-10-09 14:17:30,737 - org.eclipse.jst.ws.axis.consumption.core - 1.0.407.v201104071820
2018-10-09 14:17:30,737 - org.eclipse.jst.servlet.ui - 1.1.700.v201303151600
2018-10-09 14:17:30,738 - org.eclipse.jst.ws.ui - 1.0.403.v201004211805
2018-10-09 14:17:30,739 - org.eclipse.jst.ws.uddiregistry - 1.0.500.v201004211805
2018-10-09 14:17:30,739 - org.eclipse.jst.ws.creation.ui - 1.0.800.v201304171447
2018-10-09 14:17:30,740 - org.eclipse.jst.ws.consumption.ui - 1.1.700.v201304171447
2018-10-09 14:17:30,741 - org.eclipse.jst.ws.consumption - 1.0.701.v201212112014
2018-10-09 14:17:30,741 - org.eclipse.jst.j2ee.infopop - 1.0.300.v200805140415
2018-10-09 14:17:30,742 - org.eclipse.jst.jsp.ui.infopop - 1.0.200.v201004150328
2018-10-09 14:17:30,742 - org.eclipse.jst.servlet.ui.infopop - 1.0.500.v201105122000
2018-10-09 14:17:30,743 - org.eclipse.jst.ws.axis.infopop - 1.0.300.v200805140230
2018-10-09 14:17:30,743 - org.eclipse.jst.ws.consumption.infopop - 1.0.300.v200805140230
2018-10-09 14:17:30,744 - org.eclipse.jst.ws.infopop - 1.0.300.v200805140230
2018-10-09 14:17:30,744 - org.eclipse.jst.ws.creation.ejb.ui - 1.0.201.v201004211805
2018-10-09 14:17:30,745 - org.eclipse.jst.ejb.ui - 1.1.800.v201303152000
2018-10-09 14:17:30,746 - org.eclipse.jst.j2ee.ejb.annotations.ui - 1.1.200.v201004290730
2018-10-09 14:17:30,746 - org.eclipse.jst.j2ee.ejb.annotation.model - 1.1.300.v201003112036
2018-10-09 14:17:30,747 - org.eclipse.jst.j2ee.ejb.annotations.emitter - 1.1.200.v200909290826
2018-10-09 14:17:30,747 - org.eclipse.jst.j2ee.ejb.annotations.xdoclet - 1.2.200.v201103302125
2018-10-09 14:17:30,748 - org.eclipse.jst.j2ee.xdoclet.runtime - 1.1.300.v201004280700
2018-10-09 14:17:30,748 - org.eclipse.jst.jee.ui - 1.0.600.v201304080956
2018-10-09 14:17:30,749 - org.eclipse.jst.ejb.ui.infopop - 1.0.300.v2010022311013
2018-10-09 14:17:30,749 - org.eclipse.jst.ws.jaxrs.core - 1.0.500.v201305012042
2018-10-09 14:17:30,750 - org.eclipse.jst.ws.jaxrs.ui - 1.0.600.v201305012042
2018-10-09 14:17:30,752 - org.eclipse.andmore.android.certmanager - 0.5.0.201605181018
2018-10-09 14:17:30,755 - org.eclipse.datatools.enablement.hsqldb - 1.0.0.v201107221502
2018-10-09 14:17:30,756 - org.eclipse.datatools.enablement.hsqldb.dbdefinition - 1.0.0.v201107221502
2018-10-09 14:17:30,757 - org.eclipse.datatools.enablement.hsqldb.ui - 1.0.0.v201108120600
2018-10-09 14:17:30,757 - org.eclipse.datatools.enablement.finfo - 1.5.1.v200906161800
2018-10-09 14:17:30,760 - org.eclipse.datatools.enablement.mysql.dbdefinition - 1.0.4.v201109022331
2018-10-09 14:17:30,760 - org.eclipse.datatools.enablement.mysql - 1.0.4.v201212120617
2018-10-09 14:17:30,761 - org.eclipse.datatools.enablement.mysql.ui - 1.0.0.v201109022331
2018-10-09 14:17:30,761 - org.eclipse.datatools.enablement.finfo - 1.5.1.v200906161800
2018-10-09 14:17:30,764 - org.eclipse.datatools.connectivity.oda.template.ui - 3.2.4.v201301111130
2018-10-09 14:17:30,766 - org.eclipse.sequoyah.vnc.vncviewer - 2.1.0.N20120718-0509
2018-10-09 14:17:30,768 - org.eclipse.pde - 3.8.100.v20140221-1700
2018-10-09 14:17:30,769 - org.eclipse.pde.build - 3.8.100.v20130514-1028
2018-10-09 14:17:30,770 - org.eclipse.pde.core - 3.9.1.v20130628-1111
2018-10-09 14:17:30,771 - org.eclipse.pde.junit.runtime - 3.4.300.v20130422-2046
2018-10-09 14:17:30,771 - org.eclipse.pde.runtime - 3.4.400.v20130402-1757
2018-10-09 14:17:30,773 - org.eclipse.pde.ui - 3.8.0.v20130515-1659
2018-10-09 14:17:30,774 - org.eclipse.pde.doc.user - 3.9.2.v20140205-0929
2018-10-09 14:17:30,774 - org.eclipse.pde.ui.templates - 3.4.600.v20130507-2057
2018-10-09 14:17:30,775 - org.eclipse.ui.views.log - 1.0.400.v20130515-2009
2018-10-09 14:17:30,775 - org.objectweb.asm - 4.0.0.v201302062210
2018-10-09 14:17:30,776 - org.eclipse.pde.api.tools - 1.0.501.v20130807-1634
2018-10-09 14:17:30,777 - org.eclipse.pde.api.tools.ui - 1.0.401.v20130730-1957
2018-10-09 14:17:30,777 - org.eclipse.pde.ds.core - 1.0.300.v20130514-1232
2018-10-09 14:17:30,778 - org.eclipse.pde.ds.ui - 1.0.300.v20130507-2057
2018-10-09 14:17:30,778 - org.eclipse.pde.launching - 3.6.101.v20130807-1445
2018-10-09 14:17:30,779 - org.eclipse.pde.ua.core - 1.0.300.v20130402-1757
2018-10-09 14:17:30,780 - org.eclipse.pde.ua.ui - 1.0.300.v20130508-1926
2018-10-09 14:17:30,780 - org.eclipse.ui.trace - 1.0.100.v20130508-1926
2018-10-09 14:17:30,783 - org.eclipse.emf.common.ui - 2.8.0.v20140203-1126
2018-10-09 14:17:30,785 - org.eclipse.andmore.ndk - 0.5.0.201605181018
2018-10-09 14:17:30,786 - org.eclipse.cdt.gdb - 7.0.0.201402142303
2018-10-09 14:17:30,787 - org.eclipse.cdt.gdb.ui - 7.0.0.201402142303
2018-10-09 14:17:30,797 - com.android.ide.eclipse.hierarchyviewer - 23.0.7.2120684
2018-10-09 14:17:30,799 - org.eclipse.emf.mapping.ecore.editor - 2.6.0.v20140203-1126
2018-10-09 14:17:30,799 - org.eclipse.emf.mapping.ecore2ecore.editor - 2.6.0.v20140203-1126
2018-10-09 14:17:30,800 - org.eclipse.emf.mapping.ecore2xml.ui - 2.6.0.v20140203-1126
2018-10-09 14:17:30,802 - org.eclipse.sequoyah.localization.tools - 2.1.0.N20120718-0509
2018-10-09 14:17:30,803 - org.eclipse.sequoyah.localization.editor - 2.1.0.N20120718-0509
2018-10-09 14:17:30,807 - org.eclipse.jpt.common.utility - 2.2.0.v201305171828
2018-10-09 14:17:30,808 - org.eclipse.jpt.common.core - 1.3.0.v201304300138
2018-10-09 14:17:30,808 - org.eclipse.jpt.common.ui - 1.3.0.v201305171828
2018-10-09 14:17:30,809 - org.eclipse.jpt.common.branding - 1.3.0.v201209060440
2018-10-09 14:17:30,812 - org.eclipse.dstore.core - 3.3.200.201305311734
2018-10-09 14:17:30,813 - org.eclipse.dstore.extra - 2.1.400.201211090626
2018-10-09 14:17:30,813 - org.eclipse.rse.connectorservice.dstore - 3.1.301.201209211856
2018-10-09 14:17:30,813 - org.eclipse.rse.services.dstore - 3.2.100.201305201712
2018-10-09 14:17:30,814 - org.eclipse.rse.subsystems.files.dstore - 2.1.300.201205241511
2018-10-09 14:17:30,814 - org.eclipse.rse.subsystems.processes.dstore - 2.1.400.201205062159
2018-10-09 14:17:30,815 - org.eclipse.rse.subsystems.shells.dstore - 2.1.400.201205062159
2018-10-09 14:17:30,816 - org.eclipse.rse.dstore.security - 3.0.400.201205062159
2018-10-09 14:17:30,818 - org.eclipse.m2e.wtp - 1.0.0.20130612-1742
2018-10-09 14:17:30,819 - org.eclipse.m2e.wtp.overlay - 1.0.0.20130612-1742
2018-10-09 14:17:30,819 - org.eclipse.m2e.wtp.overlay.ui - 1.0.0.20130612-1742
2018-10-09 14:17:30,823 - org.eclipse.andmore.android.common - 0.5.0.201605181018
2018-10-09 14:17:30,824 - org.eclipse.andmore.android.codeutils - 0.5.0.201605181018
2018-10-09 14:17:30,825 - org.eclipse.andmore.android.translation - 0.5.0.201605181018
2018-10-09 14:17:30,825 - org.eclipse.andmore.android.codesnippets - 0.5.0.201605181018
2018-10-09 14:17:30,826 - org.eclipse.andmore.android.db.core - 0.5.0.201605181018
2018-10-09 14:17:30,827 - org.eclipse.andmore.android.logger - 0.5.0.201605181018
2018-10-09 14:17:30,828 - org.eclipse.andmore.android - 0.5.0.201605181018
2018-10-09 14:17:30,828 - org.eclipse.andmore.android.emulator - 0.5.0.201605181018
2018-10-09 14:17:30,829 - org.eclipse.andmore.android.launch - 0.5.0.201605181018
2018-10-09 14:17:30,830 - org.eclipse.andmore.android.packaging.ui - 0.5.0.201605181018
2018-10-09 14:17:30,830 - org.eclipse.andmore.android.handset - 0.5.0.201605181018
2018-10-09 14:17:30,831 - org.eclipse.andmore.android.remote - 0.5.0.201605181018
2018-10-09 14:17:30,831 - org.eclipse.andmore.android.win32.x86_64 - 0.5.0.201605181018
2018-10-09 14:17:30,832 - org.eclipse.andmore.android.mat - 0.5.0.201605181018
2018-10-09 14:17:30,832 - org.eclipse.andmore.android.devices.services - 0.5.0.201605181018
2018-10-09 14:17:30,833 - org.eclipse.andmore.android.db.devices - 0.5.0.201605181018
2018-10-09 14:17:30,834 - org.eclipse.andmore.android.installer - 0.5.0.201605181018
2018-10-09 14:17:30,834 - org.eclipse.andmore.android.logger.collector - 0.5.0.201605181018
2018-10-09 14:17:30,837 - org.eclipse.sequoyah.localization.android - 2.1.0.N20120718-0509
2018-10-09 14:17:30,838 - org.eclipse.sequoyah.localization.android.help - 2.1.1.N20120718-0509
2018-10-09 14:17:30,842 - org.eclipse.tm.terminal - 3.2.100.201305201712
2018-10-09 14:17:30,845 - org.eclipse.persistence.antlr - 3.2.0.v201302191141
2018-10-09 14:17:30,846 - org.eclipse.persistence.asm - 3.3.1.v201302191223
2018-10-09 14:17:30,847 - org.eclipse.persistence.core - 2.5.0.v20130507-3faac2b
2018-10-09 14:17:30,848 - org.eclipse.persistence.jpa - 2.5.0.v20130507-3faac2b
2018-10-09 14:17:30,849 - org.eclipse.jpt.jpa.eclipselink.core - 2.3.0.v201304302343
2018-10-09 14:17:30,850 - org.eclipse.jpt.jpa.eclipselink.ui - 2.3.0.v201304232328
2018-10-09 14:17:30,851 - org.eclipse.jpt.jpa.eclipselink.core.ddlgen - 2.2.0.v201212040155
2018-10-09 14:17:30,851 - org.eclipse.jpt.jpa.eclipselink.branding - 3.3.0.v201209060440
2018-10-09 14:17:30,854 - org.eclipse.datatools.enablement.postgresql.dbdefinition - 1.0.2.v201110070445
2018-10-09 14:17:30,855 - org.eclipse.datatools.enablement.postgresql - 1.1.1.v201205252207
2018-10-09 14:17:30,855 - org.eclipse.datatools.enablement.postgresql.ui - 1.0.0.v201107221506
2018-10-09 14:17:30,855 - org.eclipse.datatools.enablement.finfo - 1.5.1.v200906161800
2018-10-09 14:17:30,859 - org.eclipse.datatools.enablement.sap.maxdb.dbdefinition - 1.0.0.v201107221507
2018-10-09 14:17:30,859 - org.eclipse.datatools.enablement.sap.maxdb - 1.0.0.v201107221507
2018-10-09 14:17:30,860 - org.eclipse.datatools.enablement.sap.maxdb.ui - 1.0.0.v201107221507
2018-10-09 14:17:30,860 - org.eclipse.datatools.enablement.finfo - 1.5.1.v200906161800
2018-10-09 14:17:30,865 - org.eclipse.mylyn.discovery.core - 3.9.0.v20130612-0100
2018-10-09 14:17:30,865 - org.eclipse.mylyn.discovery.ui - 3.9.0.v20130612-0100
2018-10-09 14:17:30,868 - org.apache.xerces - 2.9.0.v201101211617
2018-10-09 14:17:30,870 - org.apache.xml.resolver - 1.2.0.v201005080400
2018-10-09 14:17:30,870 - org.apache.xml.serializer - 2.7.1.v201005080400
2018-10-09 14:17:30,871 - org.eclipse.datatools.enablement.oda.ws - 1.2.6.v201307051812
2018-10-09 14:17:30,871 - org.eclipse.datatools.enablement.oda.xml - 1.2.5.v201305031101
2018-10-09 14:17:30,871 - javax.xml - 1.3.4.v201005080400
2018-10-09 14:17:30,871 - javax.wsdl - 1.6.2.v201012040545
2018-10-09 14:17:30,877 - org.eclipse.datatools.modelbase.dbdefinition - 1.0.2.v201107221519
2018-10-09 14:17:30,879 - org.eclipse.datatools.modelbase.sql.edit - 1.0.2.v201208230744
2018-10-09 14:17:30,880 - org.eclipse.datatools.modelbase.sql.query - 1.1.4.v201212120619
2018-10-09 14:17:30,882 - org.eclipse.datatools.modelbase.sql.query.edit - 1.0.1.v201110151245
2018-10-09 14:17:30,883 - org.eclipse.datatools.modelbase.sql.xml.query - 1.0.2.v201201131123
2018-10-09 14:17:30,883 - org.eclipse.datatools.modelbase.sql - 1.0.6.v201208230744
2018-10-09 14:17:30,887 - org.eclipse.cvs - 1.4.0.v20130605-2000
2018-10-09 14:17:30,888 - org.eclipse.team.cvs.core - 3.3.500.v20130515-2011
2018-10-09 14:17:30,889 - org.eclipse.team.cvs.ssh2 - 3.2.300.v20111007-1310
2018-10-09 14:17:30,890 - org.eclipse.team.cvs.ui - 3.3.600.v20130514-1224
2018-10-09 14:17:30,900 - com.android.ide.eclipse.traceview - 23.0.7.2120684
2018-10-09 14:17:30,903 - org.eclipse.mylyn.team.ui - 3.9.0.v20130612-0100
2018-10-09 14:17:30,905 - org.eclipse.gef - 3.9.0.201308190730
2018-10-09 14:17:30,908 - org.apache.commons.net - 3.2.0.v201305141515
2018-10-09 14:17:30,908 - org.eclipse.rse.services.files.ftp - 3.0.500.201305151921
2018-10-09 14:17:30,909 - org.eclipse.rse.subsystems.files.ftp - 2.2.0.201305152119
2018-10-09 14:17:30,911 - org.eclipse.mylyn.tasks.core - 3.9.0.v20130612-0100
2018-10-09 14:17:30,912 - org.eclipse.mylyn.tasks.index.core - 3.9.0.v20130612-0100
2018-10-09 14:17:30,913 - org.eclipse.mylyn.tasks.index.ui - 3.9.0.v20130612-0100
2018-10-09 14:17:30,914 - org.eclipse.mylyn.tasks.search - 3.9.0.v20130612-0100
2018-10-09 14:17:30,914 - org.eclipse.mylyn.tasks.ui - 3.9.0.v20130612-0100
2018-10-09 14:17:30,918 - org.eclipse.datatools.connectivity.sqm.core.ui - 1.2.3.v201212070447
2018-10-09 14:17:30,918 - org.eclipse.datatools.connectivity.sqm.core - 1.2.8.v201401230755
2018-10-09 14:17:30,919 - org.eclipse.datatools.connectivity.sqm.server.ui - 1.1.101.v201212070447
2018-10-09 14:17:30,919 - org.eclipse.datatools.connectivity.ui.dse - 1.1.5.v201212070447
2018-10-09 14:17:30,919 - org.eclipse.datatools.connectivity.ui - 1.2.4.v201212070447
2018-10-09 14:17:30,919 - org.eclipse.datatools.connectivity - 1.2.11.v201401230755
2018-10-09 14:17:30,919 - org.eclipse.datatools.help - 1.5.0.v200906020553
2018-10-09 14:17:30,920 - org.eclipse.datatools.connectivity.console.profile - 1.0.10.v201109250955
2018-10-09 14:17:30,924 - org.eclipse.datatools.sqltools.common.ui - 1.0.1.v201212120623
2018-10-09 14:17:30,925 - org.eclipse.datatools.sqltools.debugger.core - 1.0.1.v201107221520
2018-10-09 14:17:30,925 - org.eclipse.datatools.sqltools.editor.core - 1.0.3.v201212120623
2018-10-09 14:17:30,925 - org.eclipse.datatools.sqltools.plan - 1.0.0.v201107221520
2018-10-09 14:17:30,926 - org.eclipse.datatools.sqltools.routineeditor - 1.0.0.v201107221520
2018-10-09 14:17:30,926 - org.eclipse.datatools.sqltools.sql - 1.0.1.v201110050515
2018-10-09 14:17:30,926 - org.eclipse.datatools.sqltools.sqleditor - 1.0.4.v201212120623
2018-10-09 14:17:30,926 - org.eclipse.datatools.sqltools.sqlscrapbook - 1.0.2.v201205310922
2018-10-09 14:17:30,926 - org.eclipse.datatools.help - 1.5.0.v200906020553
2018-10-09 14:17:30,927 - org.eclipse.datatools.sqltools.db.generic - 1.0.0.v201107221520
2018-10-09 14:17:30,928 - org.eclipse.datatools.sqltools.debugger.core.ui - 1.0.0.v201003161000
2018-10-09 14:17:30,928 - org.eclipse.datatools.sqltools.editor.core.ui - 1.0.0.v201001150815
2018-10-09 14:17:30,928 - org.eclipse.datatools.sqltools.result.ui - 1.1.3.v201302061703
2018-10-09 14:17:30,929 - org.eclipse.datatools.sqltools.routineeditor.ui - 1.0.3.v201211200616
2018-10-09 14:17:30,929 - org.eclipse.datatools.sqltools.sql.ui - 1.0.1.v201201270735
2018-10-09 14:17:30,932 - org.eclipse.help - 3.6.0.v20130326-1254
2018-10-09 14:17:30,933 - org.eclipse.ui - 3.105.0.v20130522-1122
2018-10-09 14:17:30,933 - org.eclipse.ui.workbench - 3.105.0.v20130529-1406
2018-10-09 14:17:30,933 - org.eclipse.update.configurator - 3.3.200.v20130326-1319
2018-10-09 14:17:30,933 - org.eclipse.rcp - 4.3.0.v20130605-2000
2018-10-09 14:17:30,937 - org.eclipse.m2e.archetype.common - 1.4.0.20130531-2315
2018-10-09 14:17:30,938 - org.eclipse.m2e.maven.indexer - 1.4.0.20130531-2315
2018-10-09 14:17:30,939 - org.eclipse.m2e.model.edit - 1.4.0.20130601-0317
2018-10-09 14:17:30,939 - org.eclipse.m2e.core - 1.4.0.20130601-0317
2018-10-09 14:17:30,940 - org.eclipse.m2e.launching - 1.4.0.20130601-0317
2018-10-09 14:17:30,941 - org.eclipse.m2e.jdt - 1.4.0.20130601-0317
2018-10-09 14:17:30,943 - org.eclipse.m2e.editor - 1.4.0.20130601-0317
2018-10-09 14:17:30,944 - org.eclipse.m2e.editor.xml - 1.4.0.20130601-0317
2018-10-09 14:17:30,945 - org.eclipse.m2e.maven.runtime - 1.4.0.20130531-2315
2018-10-09 14:17:30,946 - org.eclipse.m2e.refactoring - 1.4.0.20130601-0317
2018-10-09 14:17:30,946 - org.eclipse.m2e.lifecyclemapping.defaults - 1.4.0.20130601-0317
2018-10-09 14:17:30,947 - org.eclipse.m2e.discovery - 1.4.0.20130601-0317
2018-10-09 14:17:30,948 - org.eclipse.m2e.core.ui - 1.4.0.20130601-0317
2018-10-09 14:17:30,949 - org.eclipse.m2e.scm - 1.4.0.20130601-0317
2018-10-09 14:17:30,949 - com.ning.async-http-client - 1.6.5.20130531-2315
2018-10-09 14:17:30,950 - org.jboss.netty - 3.2.5.Final-20130531-2315
2018-10-09 14:17:30,952 - org.eclipse.emf.mapping.ecore - 2.6.0.v20140203-1126
2018-10-09 14:17:30,953 - org.eclipse.emf.mapping.ecore2ecore - 2.7.0.v20140203-1126
2018-10-09 14:17:30,954 - org.eclipse.emf.mapping.ecore2xml - 2.7.0.v20140203-1126
2018-10-09 14:17:30,957 - org.eclipse.mylyn.commons.identity.core - 1.1.0.v20130612-0100
2018-10-09 14:17:30,959 - org.eclipse.rse.useractions - 1.1.500.201305201712
2018-10-09 14:17:30,961 - org.eclipse.andmore.traceview - 0.5.0.201605181018
2018-10-09 14:17:30,963 - org.eclipse.rse - 3.5.0.201305201712
2018-10-09 14:17:30,966 - org.eclipse.wst.jsdt.core - 1.3.1.v201401291437
2018-10-09 14:17:30,967 - org.eclipse.wst.jsdt.manipulation - 1.0.400.v201204261600
2018-10-09 14:17:30,967 - org.eclipse.wst.jsdt.ui - 1.1.401.v201401171657
2018-10-09 14:17:30,967 - org.eclipse.wst.jsdt.support.firefox - 1.0.402.v201208171701
2018-10-09 14:17:30,968 - org.eclipse.wst.jsdt.support.ie - 1.0.402.v201208171701
2018-10-09 14:17:30,969 - org.eclipse.wst.jsdt.doc - 1.4.0.v201202031526
2018-10-09 14:17:30,970 - org.eclipse.wst.jsdt.debug.core - 3.1.1.v201208171701
2018-10-09 14:17:30,970 - org.eclipse.wst.jsdt.debug.transport - 1.0.101.v201208171701
2018-10-09 14:17:30,971 - org.eclipse.wst.jsdt.debug.crossfire - 1.0.301.v201208171701
2018-10-09 14:17:30,971 - org.eclipse.wst.jsdt.debug.rhino - 1.0.201.v201208171701
2018-10-09 14:17:30,972 - org.eclipse.wst.jsdt.debug.rhino.debugger - 1.0.301.v201208171701
2018-10-09 14:17:30,973 - org.eclipse.wst.jsdt.debug.ui - 1.0.300.v201209252144
2018-10-09 14:17:30,973 - org.mozilla.javascript - 1.7.2.v201005080400
2018-10-09 14:17:30,974 - org.eclipse.wst.jsdt.debug.rhino.ui - 1.0.101.v201208171701
2018-10-09 14:17:30,976 - org.eclipse.emf.mapping.ui - 2.6.0.v20140203-1126
2018-10-09 14:17:30,978 - org.eclipse.emf.codegen - 2.9.0.v20140203-1126
2018-10-09 14:17:30,985 - com.android.ide.eclipse.adt - 23.0.7.2120684
2018-10-09 14:17:30,986 - overlay.com.android.ide.eclipse.adt.overlay - 23.0.7.2120684
